<?xml version="1.0" encoding="UTF-8"?>
<!-- Generated by org.testng.reporters.JUnitReportReporter -->
<testsuite hostname="LAPTOP-GQ2D66KP" failures="0" tests="6" name="TestCases" time="16.602" errors="0" timestamp="2023-10-30T12:44:26 EET" skipped="5">
  <testcase classname="TestCases" name="LowestPrice" time="16.602"/>
  <system-out/>
  <testcase classname="TestCases" name="TestTheHotelTab">
    <skipped/>
  </testcase> <!-- TestTheHotelTab -->
  <system-out/>
  <testcase classname="TestCases" name="CheckTheLanguage">
    <skipped/>
  </testcase> <!-- CheckTheLanguage -->
  <system-out/>
  <testcase classname="TestCases" name="checkTheCurrency">
    <skipped/>
  </testcase> <!-- checkTheCurrency -->
  <system-out/>
  <testcase classname="TestCases" name="checkDefaultFlightDates">
    <skipped/>
  </testcase> <!-- checkDefaultFlightDates -->
  <system-out/>
  <testcase classname="TestCases" name="checkTheContactNumber">
    <skipped/>
  </testcase> <!-- checkTheContactNumber -->
  <system-out/>
</testsuite> <!-- TestCases -->
